<?xml version="1.0" encoding="UTF-8"?>
<testsuite xmlns:xsi="http://www.w3.org/2001/XMLSchema-instance" xsi:noNamespaceSchemaLocation="https://maven.apache.org/surefire/maven-surefire-plugin/xsd/surefire-test-report.xsd" name="com.example.orderservice.controller.OrderControllerTest" time="0.746" tests="8" errors="0" skipped="0" failures="0">
  <properties>
[...]
</properties>
  <testcase name="testUpdateOrderStatusInvalidStatus" classname="com.example.orderservice.controller.OrderControllerTest" time="0.686"/>
  <testcase name="testUpdateOrderStatusToCompleted" classname="com.example.orderservice.controller.OrderControllerTest" time="0.007"/>
  <testcase name="testCreateOrderSuccess" classname="com.example.orderservice.controller.OrderControllerTest" time="0.006"/>
  <testcase name="testCheckProductExistsFalse" classname="com.example.orderservice.controller.OrderControllerTest" time="0.004"/>
  <testcase name="testCreateOrderFailure" classname="com.example.orderservice.controller.OrderControllerTest" time="0.003"/>
  <testcase name="testCheckProductExistsTrue" classname="com.example.orderservice.controller.OrderControllerTest" time="0.003"/>
  <testcase name="testGetOrderByIdNotFound" classname="com.example.orderservice.controller.OrderControllerTest" time="0.003"/>
  <testcase name="testGetOrderByIdFound" classname="com.example.orderservice.controller.OrderControllerTest" time="0.003"/>
</testsuite>